
INFO: 2025/11/05 21:36:47 main.go:20: Приложение запущено
INFO: 2025/11/05 21:36:54 cmd.go:159: Обработка команды list
INFO: 2025/11/05 21:36:54 cmd.go:166: Выведено 2 событий
INFO: 2025/11/05 21:37:02 cmd.go:184: Обработка команды add-remind
ERROR: 2025/11/05 21:37:02 cmd.go:187: Неверный формат команды add-remind
INFO: 2025/11/05 21:37:17 cmd.go:85: Обработка команды add-event
ERROR: 2025/11/05 21:37:17 cmd.go:88: Неверный формат команды add-event
INFO: 2025/11/05 21:37:48 cmd.go:85: Обработка команды add-event
ERROR: 2025/11/05 21:37:48 cmd.go:101: Ошибка добавлениядата не может быть в прошлом
INFO: 2025/11/05 21:37:59 cmd.go:85: Обработка команды add-event
INFO: 2025/11/05 21:37:59 cmd.go:104: Событие: "приготовить ужин" добавлено
INFO: 2025/11/05 21:38:01 cmd.go:159: Обработка команды list
INFO: 2025/11/05 21:38:01 cmd.go:166: Выведено 3 событий
INFO: 2025/11/05 21:38:15 cmd.go:110: Обработка команды update-event
ERROR: 2025/11/05 21:38:15 cmd.go:113: Неверный формат команды update-event
INFO: 2025/11/05 21:39:00 cmd.go:110: Обработка команды update-event
INFO: 2025/11/05 21:39:00 cmd.go:130: Событие обновлено: ID=9324008e-77fe-4719-a500-c3f9d4ea5e89, OldTitle=покормить кошку, NewTitle=покормить кошку
INFO: 2025/11/05 21:39:03 cmd.go:159: Обработка команды list
INFO: 2025/11/05 21:39:03 cmd.go:166: Выведено 3 событий
INFO: 2025/11/05 21:39:10 cmd.go:184: Обработка команды add-remind
ERROR: 2025/11/05 21:39:10 cmd.go:187: Неверный формат команды add-remind
INFO: 2025/11/05 21:39:40 cmd.go:184: Обработка команды add-remind
INFO: 2025/11/05 21:39:40 cmd.go:204: Добавлено напоминание: ID=9324008e-77fe-4719-a500-c3f9d4ea5e89, Message=кошкааааа
INFO: 2025/11/05 21:39:46 cmd.go:159: Обработка команды list
INFO: 2025/11/05 21:39:46 cmd.go:166: Выведено 3 событий
INFO: 2025/11/05 21:40:28 cmd.go:135: Обработка команды remove
INFO: 2025/11/05 21:40:28 cmd.go:154: Событие удалено: ID=2849b0e3-9bcf-4b3e-9a5b-e4349cd00914, Title=почистить манго
INFO: 2025/11/05 21:40:30 cmd.go:159: Обработка команды list
INFO: 2025/11/05 21:40:30 cmd.go:166: Выведено 2 событий
INFO: 2025/11/05 21:40:53 cmd.go:209: Обработка команды cancel-remind
ERROR: 2025/11/05 21:40:53 cmd.go:212: Неверный формат команды cancel-remind
INFO: 2025/11/05 21:41:09 cmd.go:209: Обработка команды cancel-remind
INFO: 2025/11/05 21:41:09 cmd.go:223: Напоминание отменено: ID=9324008e-77fe-4719-a500-c3f9d4ea5e89
INFO: 2025/11/05 21:41:11 cmd.go:159: Обработка команды list
INFO: 2025/11/05 21:41:11 cmd.go:166: Выведено 2 событий
INFO: 2025/11/05 21:41:33 cmd.go:209: Обработка команды cancel-remind
ERROR: 2025/11/05 21:41:33 cmd.go:219: Ошибка отмены напоминания: у события нет напоминания
INFO: 2025/11/05 21:41:37 cmd.go:227: Обработка команды log
INFO: 2025/11/05 21:41:37 cmd.go:236: Выведено 20 строк лога
INFO: 2025/11/05 21:41:37 cmd.go:236: Выведено 20 строк лога
INFO: 2025/11/05 21:41:37 cmd.go:236: Выведено 20 строк лога
INFO: 2025/11/05 21:41:37 cmd.go:236: Выведено 20 строк лога
INFO: 2025/11/05 21:41:37 cmd.go:236: Выведено 20 строк лога
INFO: 2025/11/05 21:41:37 cmd.go:236: Выведено 20 строк лога
INFO: 2025/11/05 21:41:37 cmd.go:236: Выведено 20 строк лога
INFO: 2025/11/05 21:41:37 cmd.go:236: Выведено 20 строк лога
INFO: 2025/11/05 21:41:37 cmd.go:236: Выведено 20 строк лога
INFO: 2025/11/05 21:41:37 cmd.go:236: Выведено 20 строк лога
INFO: 2025/11/05 21:41:37 cmd.go:236: Выведено 20 строк лога
INFO: 2025/11/05 21:41:37 cmd.go:236: Выведено 20 строк лога
INFO: 2025/11/05 21:41:37 cmd.go:236: Выведено 20 строк лога
INFO: 2025/11/05 21:41:37 cmd.go:236: Выведено 20 строк лога
INFO: 2025/11/05 21:41:37 cmd.go:236: Выведено 20 строк лога
INFO: 2025/11/05 21:41:37 cmd.go:236: Выведено 20 строк лога
INFO: 2025/11/05 21:41:37 cmd.go:236: Выведено 20 строк лога
INFO: 2025/11/05 21:41:37 cmd.go:236: Выведено 20 строк лога
INFO: 2025/11/05 21:41:37 cmd.go:236: Выведено 20 строк лога
INFO: 2025/11/05 21:41:37 cmd.go:236: Выведено 20 строк лога
INFO: 2025/11/05 21:41:41 cmd.go:159: Обработка команды list
INFO: 2025/11/05 21:41:41 cmd.go:166: Выведено 2 событий
INFO: 2025/11/05 21:41:50 cmd.go:240: Обработка команды exit
INFO: 2025/11/05 21:41:50 cmd.go:256: Данные успешно сохранены.Приложение завершило работу
